Sat Nov 17 16:36:29 AMST 2018 : Apache Derby Servidor de Rede - 10.10.2.0 - (1582446) iniciado e pronto para aceitar conexões na porta 1527 em {3}
----------------------------------------------------------------
Sat Nov 17 16:36:30 AMST 2018:
 Inicializando o Derby versão The Apache Software Foundation - Apache Derby - 10.10.2.0 - (1582446): instância a816c00e-0167-232c-aa98-000005e7f958
no diretório de banco de dados C:\Users\Marcelo\Documents\GitHub\Passagens_Aereas\passagensAereas 

java.vendor=Oracle Corporation
java.runtime.version=1.8.0_192-b12
user.dir=C:\Program Files\glassfish-4.1.1\javadb
os.name=Windows 10
os.arch=amd64
os.version=10.0
derby.system.home=C:\Users\Marcelo\Documents\GitHub\Passagens_Aereas
Carregador de classe do banco de dados iniciado - derby.database.classpath=''
----------------------------------------------------------------
Sat Nov 17 16:36:41 AMST 2018:
Encerrando a instância a816c00e-0167-232c-aa98-000005e7f958
Sat Nov 17 16:36:42 AMST 2018 Thread[DRDAConnThread_3,5,main] (DATABASE = passagensAereas), (DRDAID = {2}), Banco de dados 'passagensAereas' fechado.
----------------------------------------------------------------
Sat Nov 17 16:54:28 AMST 2018:
 Inicializando o Derby versão The Apache Software Foundation - Apache Derby - 10.10.2.0 - (1582446): instância 560740aa-0167-232c-aa98-000005e7f958
no diretório de banco de dados C:\Users\Marcelo\Documents\GitHub\Passagens_Aereas\passagensAereas 

java.vendor=Oracle Corporation
java.runtime.version=1.8.0_192-b12
user.dir=C:\Program Files\glassfish-4.1.1\javadb
os.name=Windows 10
os.arch=amd64
os.version=10.0
derby.system.home=C:\Users\Marcelo\Documents\GitHub\Passagens_Aereas
Carregador de classe do banco de dados iniciado - derby.database.classpath=''
